<?xml version="1.0" encoding="UTF-8"?>
<!-- Generated by org.testng.reporters.JUnitXMLReporter -->
<testsuite ignored="0" hostname="DESKTOP-LR79DU5" failures="1" tests="4" name="Person Test" time="0.118" errors="0" timestamp="2023-06-04T10:07:54 EEST">
  <testcase classname="personTests.PersonTest" name="testGetAge" time="0.013"/>
  <testcase classname="personTests.PersonTest" name="testGetFirstName" time="0.015">
    <failure type="java.lang.AssertionError" message="Alex expected [Alex] but found [Mark]">
      <![CDATA[java.lang.AssertionError: Alex expected [Alex] but found [Mark]
at personTests.PersonTest.testGetFirstName(PersonTest.java:16)
at java.base/java.util.ArrayList.forEach(ArrayList.java:1541)
... Removed 36 stack frames]]>
    </failure>
  </testcase> <!-- testGetFirstName -->
  <testcase classname="personTests.PersonTest" name="testGetLastName" time="0.001"/>
  <testcase classname="personTests.PersonTest" name="testGetPartner" time="0.0"/>
</testsuite> <!-- Person Test -->
